  源.cpp
D:\实验11.28\实验四（2）2\实验四（2）2\源.cpp(11,9): error C2065: “print”: 未声明的标识符
D:\实验11.28\实验四（2）2\实验四（2）2\源.cpp(11,15): error C2146: 语法错误: 缺少“;”(在标识符“f”的前面)
D:\实验11.28\实验四（2）2\实验四（2）2\源.cpp(11,15): error C3861: “f”: 找不到标识符
